info it worked if it ends with ok
verbose cli [ 'node', '/usr/local/bin/npm', 'publish' ]
info using npm@1.0.103
info using node@v0.4.10-pre
verbose config file /Users/blago/.npmrc
verbose config file /usr/local/etc/npmrc
verbose config file /usr/local/lib/node_modules/npm/npmrc
verbose publish [ '.' ]
silly testEngine { name: 'sudoku',
silly testEngine   description: 'Sudoku generator and solver for node.js',
silly testEngine   keywords: 
silly testEngine    [ 'sudoku',
silly testEngine      'generate',
silly testEngine      'solve',
silly testEngine      'puzzle',
silly testEngine      'game',
silly testEngine      'board' ],
silly testEngine   version: '0.0.1',
silly testEngine   main: 'index',
silly testEngine   bin: { sudoku: './bin/sudoku' },
silly testEngine   dependencies: { underscore: '= 1.1.6' },
silly testEngine   author: 
silly testEngine    { name: 'Blagovest Dachev',
silly testEngine      email: 'blago@dachev.com',
silly testEngine      url: 'http://www.dachev.com' },
silly testEngine   homepage: 'https://github.com/dachev/sudoku',
silly testEngine   repository: 
silly testEngine    { type: 'git',
silly testEngine      url: 'git://github.com/dachev/sudoku.git' },
silly testEngine   licenses: 
silly testEngine    [ { type: 'GPLv3',
silly testEngine        url: 'http://www.gnu.org/licenses/gpl-3.0.txt' } ],
silly testEngine   _npmUser: { name: 'dachev', email: 'blago@dachev.com' },
silly testEngine   _id: 'sudoku@0.0.1',
silly testEngine   devDependencies: {},
silly testEngine   engines: { node: '*' },
silly testEngine   _engineSupported: true,
silly testEngine   _npmVersion: '1.0.103',
silly testEngine   _nodeVersion: 'v0.4.10-pre',
silly testEngine   _defaultsLoaded: true,
silly testEngine   scripts: {} }
verbose caching /Users/blago/Projects/node/sudoku/package.json
verbose loadDefaults sudoku@0.0.1
info prepublish sudoku@0.0.1
verbose cache add [ '.', null ]
silly cache add: name, spec, args [ undefined, '.', [ '.', null ] ]
verbose parsed url { pathname: '.', href: '.' }
silly testEngine { name: 'sudoku',
silly testEngine   description: 'Sudoku generator and solver for node.js',
silly testEngine   keywords: 
silly testEngine    [ 'sudoku',
silly testEngine      'generate',
silly testEngine      'solve',
silly testEngine      'puzzle',
silly testEngine      'game',
silly testEngine      'board' ],
silly testEngine   version: '0.0.1',
silly testEngine   main: 'index',
silly testEngine   bin: { sudoku: './bin/sudoku' },
silly testEngine   dependencies: { underscore: '= 1.1.6' },
silly testEngine   author: 
silly testEngine    { name: 'Blagovest Dachev',
silly testEngine      email: 'blago@dachev.com',
silly testEngine      url: 'http://www.dachev.com' },
silly testEngine   homepage: 'https://github.com/dachev/sudoku',
silly testEngine   repository: 
silly testEngine    { type: 'git',
silly testEngine      url: 'git://github.com/dachev/sudoku.git' },
silly testEngine   licenses: 
silly testEngine    [ { type: 'GPLv3',
silly testEngine        url: 'http://www.gnu.org/licenses/gpl-3.0.txt' } ],
silly testEngine   _npmUser: { name: 'dachev', email: 'blago@dachev.com' },
silly testEngine   _id: 'sudoku@0.0.1',
silly testEngine   devDependencies: {},
silly testEngine   engines: { node: '*' },
silly testEngine   _engineSupported: true,
silly testEngine   _npmVersion: '1.0.103',
silly testEngine   _nodeVersion: 'v0.4.10-pre',
silly testEngine   _defaultsLoaded: true,
silly testEngine   path: '/Users/blago/Projects/node/sudoku',
silly testEngine   bundleDependencies: [] }
verbose caching package.json
verbose loadDefaults sudoku@0.0.1
verbose pack /Users/blago/Projects/node/sudoku /var/folders/7s/7skfmlSnG981uqfzR5sN4++++TI/-Tmp-/npm-1319610369369/1319610369369-0.18560067797079682/tmp.tgz
verbose mkdir (expected) error ENOENT, No such file or directory '/var/folders/7s/7skfmlSnG981uqfzR5sN4++++TI/-Tmp-/npm-1319610369369'
verbose mkdir (expected) error ENOENT, No such file or directory '/var/folders/7s/7skfmlSnG981uqfzR5sN4++++TI/-Tmp-/npm-1319610369369/1319610369369-0.18560067797079682'
verbose mkdir done: /var/folders/7s/7skfmlSnG981uqfzR5sN4++++TI/-Tmp-/npm-1319610369369/1319610369369-0.18560067797079682 755
verbose mkdir'ed /var/folders/7s/7skfmlSnG981uqfzR5sN4++++TI/-Tmp-/npm-1319610369369/1319610369369-0.18560067797079682
verbose tar about to write tar and gzip it.
silly tar args [ '-czvf', '-', '-T', '-' ]
silly spawning [ 'tar',
silly spawning   [ '-czvf', '-', '-T', '-' ],
silly spawning   '/Users/blago/Projects/node' ]
verbose mkdir (expected) error ENOENT, No such file or directory '/var/folders/7s/7skfmlSnG981uqfzR5sN4++++TI/-Tmp-/npm-1319610369369/1319610369369-0.18560067797079682/contents'
verbose mkdir (expected) error ENOENT, No such file or directory '/var/folders/7s/7skfmlSnG981uqfzR5sN4++++TI/-Tmp-/npm-1319610369369/1319610369369-0.18560067797079682/contents/___package.npm'
verbose mkdir done: /var/folders/7s/7skfmlSnG981uqfzR5sN4++++TI/-Tmp-/npm-1319610369369/1319610369369-0.18560067797079682/contents/___package.npm 755
verbose unpack_ uid, gid [ undefined, undefined ]
verbose unpackTarget /var/folders/7s/7skfmlSnG981uqfzR5sN4++++TI/-Tmp-/npm-1319610369369/1319610369369-0.18560067797079682/contents/package
silly gunzTarPerm modes [ '755', '644' ]
silly spawning [ 'tar',
silly spawning   [ '-zmvxpf',
silly spawning     '/var/folders/7s/7skfmlSnG981uqfzR5sN4++++TI/-Tmp-/npm-1319610369369/1319610369369-0.18560067797079682/tmp.tgz',
silly spawning     '-o' ],
silly spawning   '/var/folders/7s/7skfmlSnG981uqfzR5sN4++++TI/-Tmp-/npm-1319610369369/1319610369369-0.18560067797079682/contents/___package.npm' ]
silly tar err x sudoku/.gitignore
silly tar err x sudoku/index.js
silly tar err x sudoku/package.json
silly tar err x sudoku/README.md
silly tar err x sudoku/bin/sudoku.js
silly asyncMap in gTP /var/folders/7s/7skfmlSnG981uqfzR5sN4++++TI/-Tmp-/npm-1319610369369/1319610369369-0.18560067797079682/contents/___package.npm/sudoku
silly asyncMap in gTP /var/folders/7s/7skfmlSnG981uqfzR5sN4++++TI/-Tmp-/npm-1319610369369/1319610369369-0.18560067797079682/contents/___package.npm/sudoku/.gitignore
silly asyncMap in gTP /var/folders/7s/7skfmlSnG981uqfzR5sN4++++TI/-Tmp-/npm-1319610369369/1319610369369-0.18560067797079682/contents/___package.npm/sudoku/index.js
silly asyncMap in gTP /var/folders/7s/7skfmlSnG981uqfzR5sN4++++TI/-Tmp-/npm-1319610369369/1319610369369-0.18560067797079682/contents/___package.npm/sudoku/package.json
silly asyncMap in gTP /var/folders/7s/7skfmlSnG981uqfzR5sN4++++TI/-Tmp-/npm-1319610369369/1319610369369-0.18560067797079682/contents/___package.npm/sudoku/README.md
silly asyncMap in gTP /var/folders/7s/7skfmlSnG981uqfzR5sN4++++TI/-Tmp-/npm-1319610369369/1319610369369-0.18560067797079682/contents/___package.npm/sudoku/bin
silly asyncMap in gTP /var/folders/7s/7skfmlSnG981uqfzR5sN4++++TI/-Tmp-/npm-1319610369369/1319610369369-0.18560067797079682/contents/___package.npm/sudoku/bin/sudoku.js
silly chmod sudoku 755
silly chmod .gitignore 644
silly chmod bin 755
verbose gunzed /var/folders/7s/7skfmlSnG981uqfzR5sN4++++TI/-Tmp-/npm-1319610369369/1319610369369-0.18560067797079682/contents/___package.npm/sudoku
verbose rm'ed /var/folders/7s/7skfmlSnG981uqfzR5sN4++++TI/-Tmp-/npm-1319610369369/1319610369369-0.18560067797079682/contents/package
verbose renamed [ '/var/folders/7s/7skfmlSnG981uqfzR5sN4++++TI/-Tmp-/npm-1319610369369/1319610369369-0.18560067797079682/contents/___package.npm/sudoku',
verbose renamed   '/var/folders/7s/7skfmlSnG981uqfzR5sN4++++TI/-Tmp-/npm-1319610369369/1319610369369-0.18560067797079682/contents/package' ]
silly testEngine { name: 'sudoku',
silly testEngine   description: 'Sudoku generator and solver for node.js',
silly testEngine   keywords: 
silly testEngine    [ 'sudoku',
silly testEngine      'generate',
silly testEngine      'solve',
silly testEngine      'puzzle',
silly testEngine      'game',
silly testEngine      'board' ],
silly testEngine   version: '0.0.1',
silly testEngine   main: 'index',
silly testEngine   bin: { sudoku: './bin/sudoku' },
silly testEngine   dependencies: { underscore: '= 1.1.6' },
silly testEngine   author: 
silly testEngine    { name: 'Blagovest Dachev',
silly testEngine      email: 'blago@dachev.com',
silly testEngine      url: 'http://www.dachev.com' },
silly testEngine   homepage: 'https://github.com/dachev/sudoku',
silly testEngine   repository: 
silly testEngine    { type: 'git',
silly testEngine      url: 'git://github.com/dachev/sudoku.git' },
silly testEngine   licenses: 
silly testEngine    [ { type: 'GPLv3',
silly testEngine        url: 'http://www.gnu.org/licenses/gpl-3.0.txt' } ],
silly testEngine   _npmUser: { name: 'dachev', email: 'blago@dachev.com' },
silly testEngine   _id: 'sudoku@0.0.1',
silly testEngine   devDependencies: {},
silly testEngine   engines: { node: '*' },
silly testEngine   _engineSupported: true,
silly testEngine   _npmVersion: '1.0.103',
silly testEngine   _nodeVersion: 'v0.4.10-pre',
silly testEngine   _defaultsLoaded: true,
silly testEngine   path: '/var/folders/7s/7skfmlSnG981uqfzR5sN4++++TI/-Tmp-/npm-1319610369369/1319610369369-0.18560067797079682/contents/package' }
verbose caching /var/folders/7s/7skfmlSnG981uqfzR5sN4++++TI/-Tmp-/npm-1319610369369/1319610369369-0.18560067797079682/contents/package/package.json
verbose loadDefaults sudoku@0.0.1
verbose tarball contents [ 'package' ]
verbose from cache /var/folders/7s/7skfmlSnG981uqfzR5sN4++++TI/-Tmp-/npm-1319610369369/1319610369369-0.18560067797079682/contents/package/package.json
verbose pack /var/folders/7s/7skfmlSnG981uqfzR5sN4++++TI/-Tmp-/npm-1319610369369/1319610369369-0.18560067797079682/contents/package /Users/blago/.npm/sudoku/0.0.1/package.tgz
verbose mkdir'ed /Users/blago/.npm/sudoku/0.0.1
verbose tar about to write tar and gzip it.
silly tar args [ '-czvf', '-', '-T', '-' ]
silly spawning [ 'tar',
silly spawning   [ '-czvf', '-', '-T', '-' ],
silly spawning   '/var/folders/7s/7skfmlSnG981uqfzR5sN4++++TI/-Tmp-/npm-1319610369369/1319610369369-0.18560067797079682/contents' ]
verbose mkdir (expected) error ENOENT, No such file or directory '/Users/blago/.npm/sudoku/0.0.1/___package.npm'
verbose mkdir done: /Users/blago/.npm/sudoku/0.0.1/___package.npm 755
verbose unpack_ uid, gid [ undefined, undefined ]
verbose unpackTarget /Users/blago/.npm/sudoku/0.0.1/package
silly gunzTarPerm modes [ '755', '644' ]
silly spawning [ 'tar',
silly spawning   [ '-zmvxpf',
silly spawning     '/Users/blago/.npm/sudoku/0.0.1/package.tgz',
silly spawning     '-o' ],
silly spawning   '/Users/blago/.npm/sudoku/0.0.1/___package.npm' ]
silly tar err x package/.gitignore
silly tar err x package/index.js
silly tar err x package/package.json
silly tar err x package/README.md
silly tar err x package/bin/sudoku.js
silly asyncMap in gTP /Users/blago/.npm/sudoku/0.0.1/___package.npm/package
silly asyncMap in gTP /Users/blago/.npm/sudoku/0.0.1/___package.npm/package/.gitignore
silly asyncMap in gTP /Users/blago/.npm/sudoku/0.0.1/___package.npm/package/index.js
silly asyncMap in gTP /Users/blago/.npm/sudoku/0.0.1/___package.npm/package/package.json
silly asyncMap in gTP /Users/blago/.npm/sudoku/0.0.1/___package.npm/package/README.md
silly asyncMap in gTP /Users/blago/.npm/sudoku/0.0.1/___package.npm/package/bin
silly asyncMap in gTP /Users/blago/.npm/sudoku/0.0.1/___package.npm/package/bin/sudoku.js
silly chmod package 755
silly chmod bin 755
verbose gunzed /Users/blago/.npm/sudoku/0.0.1/___package.npm/package
verbose rm'ed /Users/blago/.npm/sudoku/0.0.1/package
verbose renamed [ '/Users/blago/.npm/sudoku/0.0.1/___package.npm/package',
verbose renamed   '/Users/blago/.npm/sudoku/0.0.1/package' ]
silly testEngine { name: 'sudoku',
silly testEngine   description: 'Sudoku generator and solver for node.js',
silly testEngine   keywords: 
silly testEngine    [ 'sudoku',
silly testEngine      'generate',
silly testEngine      'solve',
silly testEngine      'puzzle',
silly testEngine      'game',
silly testEngine      'board' ],
silly testEngine   version: '0.0.1',
silly testEngine   main: 'index',
silly testEngine   bin: { sudoku: './bin/sudoku' },
silly testEngine   dependencies: { underscore: '= 1.1.6' },
silly testEngine   author: 
silly testEngine    { name: 'Blagovest Dachev',
silly testEngine      email: 'blago@dachev.com',
silly testEngine      url: 'http://www.dachev.com' },
silly testEngine   homepage: 'https://github.com/dachev/sudoku',
silly testEngine   repository: 
silly testEngine    { type: 'git',
silly testEngine      url: 'git://github.com/dachev/sudoku.git' },
silly testEngine   licenses: 
silly testEngine    [ { type: 'GPLv3',
silly testEngine        url: 'http://www.gnu.org/licenses/gpl-3.0.txt' } ],
silly testEngine   _npmUser: { name: 'dachev', email: 'blago@dachev.com' },
silly testEngine   _id: 'sudoku@0.0.1',
silly testEngine   devDependencies: {},
silly testEngine   engines: { node: '*' },
silly testEngine   _engineSupported: true,
silly testEngine   _npmVersion: '1.0.103',
silly testEngine   _nodeVersion: 'v0.4.10-pre',
silly testEngine   _defaultsLoaded: true,
silly testEngine   dist: 
silly testEngine    { shasum: '10a6e3fc061fffdc3b7bd061ed937cbd66cdbc0b',
silly testEngine      tarball: 'http://registry.npmjs.org/sudoku/-/sudoku-0.0.1.tgz' } }
verbose caching /Users/blago/.npm/sudoku/0.0.1/package/package.json
verbose loadDefaults sudoku@0.0.1
silly updated sha bytes 10240
info shasum 10a6e3fc061fffdc3b7bd061ed937cbd66cdbc0b
info shasum /Users/blago/.npm/sudoku/0.0.1/package.tgz
verbose from cache /Users/blago/.npm/sudoku/0.0.1/package/package.json
verbose chmod /Users/blago/.npm/sudoku/0.0.1/package.tgz 644
verbose chown [ '/Users/blago/.npm/sudoku/0.0.1/package.tgz',
verbose chown   501,
verbose chown   1000 ]
silly publish { name: 'sudoku',
silly publish   description: 'Sudoku generator and solver for node.js',
silly publish   keywords: 
silly publish    [ 'sudoku',
silly publish      'generate',
silly publish      'solve',
silly publish      'puzzle',
silly publish      'game',
silly publish      'board' ],
silly publish   version: '0.0.1',
silly publish   main: 'index',
silly publish   bin: { sudoku: './bin/sudoku' },
silly publish   dependencies: { underscore: '= 1.1.6' },
silly publish   author: 
silly publish    { name: 'Blagovest Dachev',
silly publish      email: 'blago@dachev.com',
silly publish      url: 'http://www.dachev.com' },
silly publish   homepage: 'https://github.com/dachev/sudoku',
silly publish   repository: 
silly publish    { type: 'git',
silly publish      url: 'git://github.com/dachev/sudoku.git' },
silly publish   licenses: 
silly publish    [ { type: 'GPLv3',
silly publish        url: 'http://www.gnu.org/licenses/gpl-3.0.txt' } ],
silly publish   _npmUser: { name: 'dachev', email: 'blago@dachev.com' },
silly publish   _id: 'sudoku@0.0.1',
silly publish   devDependencies: {},
silly publish   engines: { node: '*' },
silly publish   _engineSupported: true,
silly publish   _npmVersion: '1.0.103',
silly publish   _nodeVersion: 'v0.4.10-pre',
silly publish   _defaultsLoaded: true,
silly publish   dist: 
silly publish    { shasum: '10a6e3fc061fffdc3b7bd061ed937cbd66cdbc0b',
silly publish      tarball: 'http://registry.npmjs.org/sudoku/-/sudoku-0.0.1.tgz' } }
verbose PUT sudoku
verbose raw, before any munging sudoku
verbose url resolving [ 'https://registry.npmjs.org/', './sudoku' ]
verbose url resolved https://registry.npmjs.org/sudoku
verbose GET sudoku
verbose raw, before any munging sudoku
verbose url resolving [ 'https://registry.npmjs.org/', './sudoku' ]
verbose url resolved https://registry.npmjs.org/sudoku
info Already published sudoku@0.0.1
verbose uploading bin dists []
ERR! publish fail Cannot publish over existing version.
ERR! publish fail Bump the 'version' field, set the --force flag, or
ERR! publish fail     npm unpublish 'sudoku@0.0.1'
ERR! publish fail and try again
ERR! 
ERR! System Darwin 10.8.0
ERR! command "node" "/usr/local/bin/npm" "publish"
ERR! cwd /Users/blago/Projects/node/sudoku
ERR! node -v v0.4.10-pre
ERR! npm -v 1.0.103
ERR! code EPUBLISHCONFLICT
verbose exit [ 1, true ]
